This file contains any messages produced by compilers while
running configure, to aid debugging if configure makes a mistake.

It was created by configure, which was
generated by GNU Autoconf 2.52.  Invocation command line was

  $ ./configure --prefix=/tmp/noffle

## ---------- ##
## Platform.  ##
## ---------- ##

hostname = pollux
uname -m = i686
uname -r = 2.4.14
uname -s = Linux
uname -v = #14 Wed Nov 7 01:19:37 CET 2001

/usr/bin/uname -p = unknown
/bin/uname -X     = unknown

/bin/arch              = i686
/usr/bin/arch -k       = unknown
/usr/convex/getsysinfo = unknown
hostinfo               = unknown
/bin/machine           = unknown
/usr/bin/oslevel       = unknown
/bin/universe          = unknown

PATH = /home/dividuum/bin:/usr/local/bin/:/home/dividuum/bin:/usr/local/bin/:/usr/local/bin:/usr/bin:/bin:/usr/bin/X11:/usr/games:/usr/local/bin:/usr/bin:/bin:/usr/bin/X11:/usr/games:/usr/local/bin:/usr/bin:/bin:/usr/bin/X11:/usr/games:/usr/sbin:/sbin:/usr/local/jdk1.3/bin:/usr/local/qt-2.2.3/bin:/opt/kde/bin:/usr/local/bin:/usr/bin:/bin:/usr/bin/X11:/usr/games:/usr/sbin:/sbin:/usr/local/jdk1.3/bin:/usr/local/qt-2.2.3/bin:/opt/kde/bin

## ------------ ##
## Core tests.  ##
## ------------ ##

configure:962: PATH=".;."; conftest.sh
./configure: conftest.sh: command not found
configure:965: $? = 127
configure:1018: checking for a BSD compatible install
configure:1067: result: /usr/bin/install -c
configure:1078: checking whether build environment is sane
configure:1121: result: yes
configure:1136: checking whether make sets ${MAKE}
configure:1156: result: yes
configure:1184: checking for working aclocal
configure:1191: result: found
configure:1199: checking for working autoconf
configure:1206: result: found
configure:1214: checking for working automake
configure:1221: result: found
configure:1229: checking for working autoheader
configure:1236: result: found
configure:1244: checking for working makeinfo
configure:1255: result: missing
configure:1312: checking for gcc
configure:1327: found /usr/bin/gcc
configure:1335: result: gcc
configure:1563: checking for C compiler version
configure:1566: gcc --version </dev/null >&5
2.95.2
configure:1569: $? = 0
configure:1571: gcc -v </dev/null >&5
Reading specs from /usr/lib/gcc-lib/i386-linux/2.95.2/specs
gcc version 2.95.2 20000220 (Debian GNU/Linux)
configure:1574: $? = 0
configure:1576: gcc -V </dev/null >&5
gcc: argument to `-V' is missing
configure:1579: $? = 1
configure:1599: checking for C compiler default output
configure:1602: gcc    conftest.c  >&5
configure:1605: $? = 0
configure:1634: result: a.out
configure:1639: checking whether the C compiler works
configure:1645: ./a.out
configure:1648: $? = 0
configure:1663: result: yes
configure:1670: checking whether we are cross compiling
configure:1672: result: no
configure:1675: checking for executable suffix
configure:1677: gcc -o conftest    conftest.c  >&5
configure:1680: $? = 0
configure:1702: result: 
configure:1708: checking for object suffix
configure:1726: gcc -c   conftest.c >&5
configure:1729: $? = 0
configure:1748: result: o
configure:1752: checking whether we are using the GNU C compiler
configure:1773: gcc -c   conftest.c >&5
configure:1776: $? = 0
configure:1779: test -s conftest.o
configure:1782: $? = 0
configure:1794: result: yes
configure:1800: checking whether gcc accepts -g
configure:1818: gcc -c -g  conftest.c >&5
configure:1821: $? = 0
configure:1824: test -s conftest.o
configure:1827: $? = 0
configure:1837: result: yes
configure:1864: gcc -c -g -O2  conftest.c >&5
conftest.c:2: parse error before `me'
configure:1867: $? = 1
configure: failed program was:
#ifndef __cplusplus
  choke me
#endif
configure:1970: checking how to run the C preprocessor
configure:1996: gcc -E  conftest.c
configure:2002: $? = 0
configure:2029: gcc -E  conftest.c
configure:2026: ac_nonexistent.h: No such file or directory
configure:2035: $? = 1
configure: failed program was:
#line 2025 "configure"
#include "confdefs.h"
#include <ac_nonexistent.h>
configure:2072: result: gcc -E
configure:2087: gcc -E  conftest.c
configure:2093: $? = 0
configure:2120: gcc -E  conftest.c
configure:2117: ac_nonexistent.h: No such file or directory
configure:2126: $? = 1
configure: failed program was:
#line 2116 "configure"
#include "confdefs.h"
#include <ac_nonexistent.h>
configure:2166: checking whether gcc needs -traditional
configure:2201: result: no
configure:2220: checking for a BSD compatible install
configure:2269: result: /usr/bin/install -c
configure:2280: checking whether make sets ${MAKE}
configure:2300: result: yes
configure:2311: checking for sendmail
configure:2328: found /usr/sbin/sendmail
configure:2340: result: /usr/sbin/sendmail
configure:2353: checking for AIX
configure:2372: result: no
configure:2377: checking for POSIXized ISC
configure:2396: result: no
configure:2401: checking for minix/config.h
configure:2411: gcc -E  conftest.c
configure:2408: minix/config.h: No such file or directory
configure:2417: $? = 1
configure: failed program was:
#line 2407 "configure"
#include "confdefs.h"
#include <minix/config.h>
configure:2436: result: no
configure:2468: checking for gethostent
configure:2505: gcc -o conftest -g -O2   conftest.c  >&5
configure:2508: $? = 0
configure:2511: test -s conftest
configure:2514: $? = 0
configure:2524: result: yes
configure:2588: checking for setsockopt
configure:2625: gcc -o conftest -g -O2   conftest.c  >&5
configure:2628: $? = 0
configure:2631: test -s conftest
configure:2634: $? = 0
configure:2644: result: yes
configure:2709: checking for gdbm_open in -lgdbm
configure:2736: gcc -o conftest -g -O2   conftest.c -lgdbm   >&5
/usr/bin/ld: cannot find -lgdbm
collect2: ld returned 1 exit status
configure:2739: $? = 1
configure: failed program was:
#line 2717 "configure"
#include "confdefs.h"

/* Override any gcc2 internal prototype to avoid an error.  */
#ifdef __cplusplus
extern "C"
#endif
/* We use char because int might match the return type of a gcc2
   builtin and then its argument prototype would still apply.  */
char gdbm_open ();
int
main ()
{
gdbm_open ();
  ;
  return 0;
}
configure:2756: result: no
configure:2767: checking for ANSI C header files
configure:2781: gcc -E  conftest.c
configure:2787: $? = 0
configure:2874: gcc -o conftest -g -O2   conftest.c  >&5
configure:2877: $? = 0
configure:2879: ./conftest
configure:2882: $? = 0
configure:2895: result: yes
configure:2908: checking for dirent.h that defines DIR
configure:2929: gcc -c -g -O2  conftest.c >&5
configure:2932: $? = 0
configure:2935: test -s conftest.o
configure:2938: $? = 0
configure:2948: result: yes
configure:2961: checking for opendir in -ldir
configure:2988: gcc -o conftest -g -O2   conftest.c -ldir   >&5
/usr/bin/ld: cannot find -ldir
collect2: ld returned 1 exit status
configure:2991: $? = 1
configure: failed program was:
#line 2969 "configure"
#include "confdefs.h"

/* Override any gcc2 internal prototype to avoid an error.  */
#ifdef __cplusplus
extern "C"
#endif
/* We use char because int might match the return type of a gcc2
   builtin and then its argument prototype would still apply.  */
char opendir ();
int
main ()
{
opendir ();
  ;
  return 0;
}
configure:3008: result: no
configure:3073: checking for gdbm.h
configure:3083: gcc -E  conftest.c
configure:3080: gdbm.h: No such file or directory
configure:3089: $? = 1
configure: failed program was:
#line 3079 "configure"
#include "confdefs.h"
#include <gdbm.h>
configure:3108: result: no
configure:3073: checking for syslog.h
configure:3083: gcc -E  conftest.c
configure:3089: $? = 0
configure:3108: result: yes
configure:3073: checking for sys/resource.h
configure:3083: gcc -E  conftest.c
configure:3089: $? = 0
configure:3108: result: yes
configure:3073: checking for sys/utsname.h
configure:3083: gcc -E  conftest.c
configure:3089: $? = 0
configure:3108: result: yes
configure:3121: checking for fnmatch.h
configure:3131: gcc -E  conftest.c
configure:3137: $? = 0
configure:3156: result: yes
configure:3121: checking for errno.h
configure:3131: gcc -E  conftest.c
configure:3137: $? = 0
configure:3156: result: yes
configure:3121: checking for getopt.h
configure:3131: gcc -E  conftest.c
configure:3137: $? = 0
configure:3156: result: yes
configure:3121: checking for time.h
configure:3131: gcc -E  conftest.c
configure:3137: $? = 0
configure:3156: result: yes
configure:3121: checking for sys/time.h
configure:3131: gcc -E  conftest.c
configure:3137: $? = 0
configure:3156: result: yes
configure:3121: checking for signal.h
configure:3131: gcc -E  conftest.c
configure:3137: $? = 0
configure:3156: result: yes
configure:3169: checking for netdb.h
configure:3179: gcc -E  conftest.c
configure:3185: $? = 0
configure:3204: result: yes
configure:3169: checking for sys/socket.h
configure:3179: gcc -E  conftest.c
configure:3185: $? = 0
configure:3204: result: yes
configure:3169: checking for fcntl.h
configure:3179: gcc -E  conftest.c
configure:3185: $? = 0
configure:3204: result: yes
configure:3169: checking for limits.h
configure:3179: gcc -E  conftest.c
configure:3185: $? = 0
configure:3204: result: yes
configure:3169: checking for unistd.h
configure:3179: gcc -E  conftest.c
configure:3185: $? = 0
configure:3204: result: yes
configure:3214: checking for gcc option to accept ANSI C
configure:3271: gcc  -c -g -O2  conftest.c >&5
configure:3274: $? = 0
configure:3277: test -s conftest.o
configure:3280: $? = 0
configure:3297: result: none needed
configure:3305: checking for an ANSI C-conforming const
configure:3369: gcc -c -g -O2  conftest.c >&5
configure:3372: $? = 0
configure:3375: test -s conftest.o
configure:3378: $? = 0
configure:3388: result: yes
configure:3404: checking for sys/types.h
configure:3416: gcc -c -g -O2  conftest.c >&5
configure:3419: $? = 0
configure:3422: test -s conftest.o
configure:3425: $? = 0
configure:3435: result: yes
configure:3404: checking for sys/stat.h
configure:3416: gcc -c -g -O2  conftest.c >&5
configure:3419: $? = 0
configure:3422: test -s conftest.o
configure:3425: $? = 0
configure:3435: result: yes
configure:3404: checking for stdlib.h
configure:3416: gcc -c -g -O2  conftest.c >&5
configure:3419: $? = 0
configure:3422: test -s conftest.o
configure:3425: $? = 0
configure:3435: result: yes
configure:3404: checking for string.h
configure:3416: gcc -c -g -O2  conftest.c >&5
configure:3419: $? = 0
configure:3422: test -s conftest.o
configure:3425: $? = 0
configure:3435: result: yes
configure:3404: checking for memory.h
configure:3416: gcc -c -g -O2  conftest.c >&5
configure:3419: $? = 0
configure:3422: test -s conftest.o
configure:3425: $? = 0
configure:3435: result: yes
configure:3404: checking for strings.h
configure:3416: gcc -c -g -O2  conftest.c >&5
configure:3419: $? = 0
configure:3422: test -s conftest.o
configure:3425: $? = 0
configure:3435: result: yes
configure:3404: checking for inttypes.h
configure:3416: gcc -c -g -O2  conftest.c >&5
configure:3419: $? = 0
configure:3422: test -s conftest.o
configure:3425: $? = 0
configure:3435: result: yes
configure:3404: checking for stdint.h
configure:3416: gcc -c -g -O2  conftest.c >&5
configure:3419: $? = 0
configure:3422: test -s conftest.o
configure:3425: $? = 0
configure:3435: result: yes
configure:3404: checking for unistd.h
configure:3435: result: yes
configure:3445: checking for size_t
configure:3466: gcc -c -g -O2  conftest.c >&5
configure:3469: $? = 0
configure:3472: test -s conftest.o
configure:3475: $? = 0
configure:3485: result: yes
configure:3497: checking whether time.h and sys/time.h may both be included
configure:3519: gcc -c -g -O2  conftest.c >&5
configure:3522: $? = 0
configure:3525: test -s conftest.o
configure:3528: $? = 0
configure:3538: result: yes
configure:3548: checking whether struct tm is in sys/time.h or time.h
configure:3568: gcc -c -g -O2  conftest.c >&5
configure:3571: $? = 0
configure:3574: test -s conftest.o
configure:3577: $? = 0
configure:3587: result: time.h
configure:3597: checking socklen_t
configure:3618: gcc -c -g -O2  conftest.c >&5
configure:3621: $? = 0
configure:3624: test -s conftest.o
configure:3627: $? = 0
configure:3638: result: yes
configure:3649: checking return type of signal handlers
configure:3677: gcc -c -g -O2  conftest.c >&5
configure:3680: $? = 0
configure:3683: test -s conftest.o
configure:3686: $? = 0
configure:3696: result: void
configure:3706: checking for strftime
configure:3743: gcc -o conftest -g -O2   conftest.c  >&5
configure:3746: $? = 0
configure:3749: test -s conftest
configure:3752: $? = 0
configure:3762: result: yes
configure:3831: checking for working GNU-style fnmatch
configure:3860: gcc -o conftest -g -O2   conftest.c  >&5
configure:3863: $? = 0
configure:3865: ./conftest
configure:3868: $? = 1
configure: program exited with status 1
configure: failed program was:
#line 3844 "configure"
#include "confdefs.h"
#include <fnmatch.h>
int
main ()
{
exit (fnmatch ("a*", "abc", 0) != 0
	|| fnmatch ("d*/*1", "d/s/1", FNM_FILE_NAME) != FNM_NOMATCH
	|| fnmatch ("*", "x", FNM_FILE_NAME | FNM_LEADING_DIR) != 0
	|| fnmatch ("x*", "x/y/z", FNM_FILE_NAME | FNM_LEADING_DIR) != 0
	|| fnmatch ("*c*", "c/x", FNM_FILE_NAME | FNM_LEADING_DIR) != 0);
  ;
  return 0;
}
configure:3880: result: no
configure:3893: checking for fdopen
configure:3930: gcc -o conftest -g -O2   conftest.c  >&5
configure:3933: $? = 0
configure:3936: test -s conftest
configure:3939: $? = 0
configure:3949: result: yes
configure:3893: checking for vsnprintf
configure:3930: gcc -o conftest -g -O2   conftest.c  >&5
configure:3933: $? = 0
configure:3936: test -s conftest
configure:3939: $? = 0
configure:3949: result: yes
configure:3893: checking for snprintf
configure:3930: gcc -o conftest -g -O2   conftest.c  >&5
configure:3933: $? = 0
configure:3936: test -s conftest
configure:3939: $? = 0
configure:3949: result: yes
configure:3893: checking for __vsnprintf
configure:3930: gcc -o conftest -g -O2   conftest.c  >&5
configure:3933: $? = 0
configure:3936: test -s conftest
configure:3939: $? = 0
configure:3949: result: yes
configure:3893: checking for __snprintf
configure:3930: gcc -o conftest -g -O2   conftest.c  >&5
/tmp/ccxzYhLc.o: In function `main':
/home/dividuum/progs/cvs/schnitzeljagd/newsserver/noffle-1.0.1/configure:3921: undefined reference to `__snprintf'
collect2: ld returned 1 exit status
configure:3933: $? = 1
configure: failed program was:
#line 3899 "configure"
#include "confdefs.h"
/* System header to define __stub macros and hopefully few prototypes,
    which can conflict with char __snprintf (); below.  */
#include <assert.h>
/* Override any gcc2 internal prototype to avoid an error.  */
#ifdef __cplusplus
extern "C"
#endif
/* We use char because int might match the return type of a gcc2
   builtin and then its argument prototype would still apply.  */
char __snprintf ();
char (*f) ();

int
main ()
{
/* The GNU C library defines this for functions which it implements
    to always fail with ENOSYS.  Some functions are actually named
    something starting with __ and the normal name is an alias.  */
#if defined (__stub___snprintf) || defined (__stub_____snprintf)
choke me
#else
f = __snprintf;
#endif

  ;
  return 0;
}
configure:3949: result: no
configure:3962: checking for gethostname
configure:3999: gcc -o conftest -g -O2   conftest.c  >&5
configure:4002: $? = 0
configure:4005: test -s conftest
configure:4008: $? = 0
configure:4018: result: yes
configure:3962: checking for mkdir
configure:3999: gcc -o conftest -g -O2   conftest.c  >&5
configure:4002: $? = 0
configure:4005: test -s conftest
configure:4008: $? = 0
configure:4018: result: yes
configure:3962: checking for mktime
configure:3999: gcc -o conftest -g -O2   conftest.c  >&5
configure:4002: $? = 0
configure:4005: test -s conftest
configure:4008: $? = 0
configure:4018: result: yes
configure:3962: checking for select
configure:3999: gcc -o conftest -g -O2   conftest.c  >&5
configure:4002: $? = 0
configure:4005: test -s conftest
configure:4008: $? = 0
configure:4018: result: yes
configure:3962: checking for socket
configure:3999: gcc -o conftest -g -O2   conftest.c  >&5
configure:4002: $? = 0
configure:4005: test -s conftest
configure:4008: $? = 0
configure:4018: result: yes
configure:3962: checking for strerror
configure:3999: gcc -o conftest -g -O2   conftest.c  >&5
configure:4002: $? = 0
configure:4005: test -s conftest
configure:4008: $? = 0
configure:4018: result: yes
configure:3962: checking for strstr
configure:3999: gcc -o conftest -g -O2   conftest.c  >&5
configure:4002: $? = 0
configure:4005: test -s conftest
configure:4008: $? = 0
configure:4018: result: yes
configure:3962: checking for uname
configure:3999: gcc -o conftest -g -O2   conftest.c  >&5
configure:4002: $? = 0
configure:4005: test -s conftest
configure:4008: $? = 0
configure:4018: result: yes
configure:4062: checking where to put the documentation
configure:4075: result: /tmp/noffle/doc/noffle
configure:4176: creating ./config.status

## ----------------------- ##
## Running config.status.  ##
## ----------------------- ##

This file was extended by config.status 2.52, executed with
  CONFIG_FILES    = 
  CONFIG_HEADERS  = 
  CONFIG_LINKS    = 
  CONFIG_COMMANDS = 
  > ./config.status 
on pollux

config.status:4637: creating Makefile
config.status:4637: creating src/Makefile
config.status:4637: creating docs/Makefile
config.status:4729: creating config.h

## ----------------- ##
## Cache variables.  ##
## ----------------- ##

ac_cv_c_compiler_gnu=yes
ac_cv_c_const=yes
ac_cv_env_CC_set=
ac_cv_env_CC_value=
ac_cv_env_CFLAGS_set=
ac_cv_env_CFLAGS_value=
ac_cv_env_CPPFLAGS_set=
ac_cv_env_CPPFLAGS_value=
ac_cv_env_CPP_set=
ac_cv_env_CPP_value=
ac_cv_env_LDFLAGS_set=
ac_cv_env_LDFLAGS_value=
ac_cv_env_build_alias_set=
ac_cv_env_build_alias_value=
ac_cv_env_host_alias_set=
ac_cv_env_host_alias_value=
ac_cv_env_target_alias_set=
ac_cv_env_target_alias_value=
ac_cv_func___snprintf=no
ac_cv_func___vsnprintf=yes
ac_cv_func_fdopen=yes
ac_cv_func_fnmatch_works=no
ac_cv_func_gethostent=yes
ac_cv_func_gethostname=yes
ac_cv_func_mkdir=yes
ac_cv_func_mktime=yes
ac_cv_func_select=yes
ac_cv_func_setsockopt=yes
ac_cv_func_snprintf=yes
ac_cv_func_socket=yes
ac_cv_func_strerror=yes
ac_cv_func_strftime=yes
ac_cv_func_strstr=yes
ac_cv_func_uname=yes
ac_cv_func_vsnprintf=yes
ac_cv_header_dirent_dirent_h=yes
ac_cv_header_errno_h=yes
ac_cv_header_fcntl_h=yes
ac_cv_header_fnmatch_h=yes
ac_cv_header_gdbm_h=no
ac_cv_header_getopt_h=yes
ac_cv_header_inttypes_h=yes
ac_cv_header_limits_h=yes
ac_cv_header_memory_h=yes
ac_cv_header_minix_config_h=no
ac_cv_header_netdb_h=yes
ac_cv_header_signal_h=yes
ac_cv_header_stdc=yes
ac_cv_header_stdint_h=yes
ac_cv_header_stdlib_h=yes
ac_cv_header_string_h=yes
ac_cv_header_strings_h=yes
ac_cv_header_sys_resource_h=yes
ac_cv_header_sys_socket_h=yes
ac_cv_header_sys_stat_h=yes
ac_cv_header_sys_time_h=yes
ac_cv_header_sys_types_h=yes
ac_cv_header_sys_utsname_h=yes
ac_cv_header_syslog_h=yes
ac_cv_header_time=yes
ac_cv_header_time_h=yes
ac_cv_header_unistd_h=yes
ac_cv_lib_dir_opendir=no
ac_cv_lib_gdbm_gdbm_open=no
ac_cv_objext=o
ac_cv_path_SENDMAILPROG=/usr/sbin/sendmail
ac_cv_path_install='/usr/bin/install -c'
ac_cv_prog_CPP='gcc -E'
ac_cv_prog_ac_ct_CC=gcc
ac_cv_prog_cc_g=yes
ac_cv_prog_cc_stdc=
ac_cv_prog_gcc_traditional=no
ac_cv_prog_make_make_set=yes
ac_cv_struct_tm=time.h
ac_cv_type_signal=void
ac_cv_type_size_t=yes
noffle_cv_docdir=/tmp/noffle/doc/noffle
noffle_cv_prefix=/tmp/noffle
noffle_cv_type_socklen_t=yes

## ------------ ##
## confdefs.h.  ##
## ------------ ##

#define PACKAGE "noffle"
#define VERSION "1.0.1"
#define _GNU_SOURCE 1
#define STDC_HEADERS 1
#define HAVE_DIRENT_H 1
#define HAVE_SYSLOG_H 1
#define HAVE_SYS_RESOURCE_H 1
#define HAVE_SYS_UTSNAME_H 1
#define HAVE_FNMATCH_H 1
#define HAVE_ERRNO_H 1
#define HAVE_GETOPT_H 1
#define HAVE_TIME_H 1
#define HAVE_SYS_TIME_H 1
#define HAVE_SIGNAL_H 1
#define HAVE_NETDB_H 1
#define HAVE_SYS_SOCKET_H 1
#define HAVE_FCNTL_H 1
#define HAVE_LIMITS_H 1
#define HAVE_UNISTD_H 1
#define HAVE_SYS_TYPES_H 1
#define HAVE_SYS_STAT_H 1
#define HAVE_STDLIB_H 1
#define HAVE_STRING_H 1
#define HAVE_MEMORY_H 1
#define HAVE_STRINGS_H 1
#define HAVE_INTTYPES_H 1
#define HAVE_STDINT_H 1
#define HAVE_UNISTD_H 1
#define TIME_WITH_SYS_TIME 1
#define RETSIGTYPE void
#define HAVE_STRFTIME 1
#define HAVE_FDOPEN 1
#define HAVE_VSNPRINTF 1
#define HAVE_SNPRINTF 1
#define HAVE___VSNPRINTF 1
#define HAVE_GETHOSTNAME 1
#define HAVE_MKDIR 1
#define HAVE_MKTIME 1
#define HAVE_SELECT 1
#define HAVE_SOCKET 1
#define HAVE_STRERROR 1
#define HAVE_STRSTR 1
#define HAVE_UNAME 1
#define CONFIGFILE "/tmp/noffle/etc/noffle.conf"
#define SPOOLDIR "/tmp/noffle/spool/noffle"
#define SENDMAILPROG "/usr/sbin/sendmail"


configure: exit 0
