[10/03/2002 - 12:47:44] Starting log.
[10/03/2002 - 12:47:44] Connected to server amboliros (6667).
[10/03/2002 - 12:47:45] Joined channel #entr0pia.
[10/03/2002 - 12:49:40] Starting log.
[10/03/2002 - 12:49:40] Connected to server amboliros (6667).
[10/03/2002 - 12:49:41] Joined channel #entr0pia.
[10/03/2002 - 12:50:04] Starting log.
[10/03/2002 - 12:50:04] Connected to server amboliros (6667).
[10/03/2002 - 12:50:05] Joined channel #entr0pia.
[10/03/2002 - 12:51:51] Starting log.
[10/03/2002 - 12:51:51] Connected to server amboliros (6667).
[10/03/2002 - 12:51:52] Joined channel #entr0pia.
[10/03/2002 - 12:53:37] Starting log.
[10/03/2002 - 12:53:37] Connected to server amboliros (6667).
[10/03/2002 - 12:53:38] Joined channel #entr0pia.
[10/03/2002 - 12:53:40] samboliro!manuel@192.168.23.138 did HELP 
[10/03/2002 - 13:00:18] Starting log.
[10/03/2002 - 13:00:18] Connected to server amboliros (6667).
[10/03/2002 - 13:00:19] Joined channel #entr0pia.
[10/03/2002 - 13:01:24] osambolir!manuel@amboliros did HELP 
[10/03/2002 - 13:02:51] osambolir!manuel@amboliros did ADDUSER bl0rg * 2 1 0
[10/03/2002 - 13:02:54] bl0rg!manuel@192.168.23.138 did HELP 
[10/03/2002 - 16:40:29] Mister_P!null@flcl.intranet.entropia.de is flooding me. We will ignore him/her/it.
[10/03/2002 - 16:48:01] manuel!manuel@192.168.23.138 is flooding me. We will ignore him/her/it.
[10/03/2002 - 16:55:13] manuel!manuel@192.168.23.138 is flooding me. We will ignore him/her/it.
[10/03/2002 - 16:59:38] manuel!manuel@192.168.23.138 is flooding me. We will ignore him/her/it.
[10/03/2002 - 17:14:38] Mister_P!null@flcl.intranet.entropia.de is flooding me. We will ignore him/her/it.
[10/03/2002 - 17:29:12] Mister_P!null@flcl.intranet.entropia.de is flooding me. We will ignore him/her/it.
[21/03/2002 - 01:09:54] Starting log.
[21/03/2002 - 01:09:54] Connected to server amboliros (6667).
[21/03/2002 - 01:09:55] Joined channel #entr0pia.
[21/03/2002 - 01:10:10] Starting log.
[21/03/2002 - 01:10:10] Connected to server amboliros (6667).
[21/03/2002 - 01:10:11] Joined channel #entr0pia.
[21/03/2002 - 01:10:45] Starting log.
[21/03/2002 - 01:10:53] Starting log.
[21/03/2002 - 01:11:56] Starting log.
[21/03/2002 - 01:11:56] Connected to server amboliros (6667).
[21/03/2002 - 01:11:57] Joined channel #entr0pia.
[21/03/2002 - 01:12:09] Starting log.
[21/03/2002 - 01:12:09] Connected to server amboliros (6667).
[21/03/2002 - 01:12:10] Joined channel #entr0pia.
[21/03/2002 - 01:44:47] Starting log.
[21/03/2002 - 01:44:47] Connected to server amboliros (6667).
[21/03/2002 - 01:44:48] Joined channel #entr0pia.
[21/03/2002 - 01:45:21] Starting log.
[21/03/2002 - 01:45:21] Connected to server amboliros (6667).
[21/03/2002 - 01:45:22] Joined channel #entr0pia.
[21/03/2002 - 01:47:01] Starting log.
[21/03/2002 - 01:47:01] Connected to server amboliros (6667).
[21/03/2002 - 01:47:02] Joined channel #entr0pia.
[21/03/2002 - 01:47:38] Starting log.
[21/03/2002 - 01:47:38] Connected to server amboliros (6667).
[21/03/2002 - 01:47:39] Joined channel #entr0pia.
[21/03/2002 - 01:48:28] Starting log.
[21/03/2002 - 01:48:28] Connected to server amboliros (6667).
[21/03/2002 - 01:48:29] Joined channel #entr0pia.
[21/03/2002 - 01:49:01] Starting log.
[21/03/2002 - 01:49:02] Connected to server amboliros (6667).
[21/03/2002 - 01:49:03] Joined channel #entr0pia.
[21/03/2002 - 01:49:27] Starting log.
[21/03/2002 - 01:49:31] Starting log.
[21/03/2002 - 01:49:36] Starting log.
[21/03/2002 - 01:50:32] Starting log.
[21/03/2002 - 01:50:33] Connected to server amboliros (6667).
[21/03/2002 - 01:50:34] Joined channel #entr0pia.
[21/03/2002 - 01:50:48] guru!manuel@192.168.23.138 is flooding me. We will ignore him/her/it.
[29/03/2002 - 02:44:10] Starting log.
[29/03/2002 - 02:44:10] Connected to server amboliros (6667).
[29/03/2002 - 02:44:12] Joined channel #guru-meditation.
[29/03/2002 - 02:44:38] Leaved channel #guru-meditation.
[29/03/2002 - 02:44:38] Joined channel #guru-meditation.
[29/03/2002 - 02:45:17] Starting log.
[29/03/2002 - 02:45:17] Connected to server amboliros (6667).
[29/03/2002 - 02:45:18] Joined channel #guru-meditation.
[29/03/2002 - 02:45:44] Leaved channel #guru-meditation.
[29/03/2002 - 02:45:44] Joined channel #guru-meditation.
[29/03/2002 - 02:46:15] Starting log.
[29/03/2002 - 02:46:15] Connected to server amboliros (6667).
[29/03/2002 - 02:46:16] Joined channel #guru-meditation.
[29/03/2002 - 02:47:43] Starting log.
[29/03/2002 - 02:47:43] Connected to server amboliros (6667).
[29/03/2002 - 02:47:44] Joined channel #guru-meditation.
[29/03/2002 - 02:57:55] Starting log.
[29/03/2002 - 02:57:55] Connected to server amboliros (6667).
[29/03/2002 - 02:57:56] Joined channel #guru-meditation.
[29/03/2002 - 03:03:39] Starting log.
[29/03/2002 - 03:03:39] Connected to server amboliros (6667).
[29/03/2002 - 03:03:40] Joined channel #guru-meditation.
[29/03/2002 - 03:04:47] Starting log.
[29/03/2002 - 03:04:47] Connected to server amboliros (6667).
[29/03/2002 - 03:04:48] Joined channel #guru-meditation.
[29/03/2002 - 03:13:38] fork!manuel@192.168.23.138 is flooding me. We will ignore him/her/it.
[29/03/2002 - 03:17:26] Starting log.
[29/03/2002 - 03:17:26] Connected to server amboliros (6667).
[29/03/2002 - 03:17:27] Joined channel #guru-meditation.
